<?xml version="1.0" encoding="UTF-8"?>
<!-- Generated by org.testng.reporters.JUnitReportReporter -->
<testsuite hostname="HP-ENVY" failures="0" tests="10" name="org.automation.api.JsonPlaceholderTests" time="51.176" errors="0" timestamp="2025-09-26T13:01:03 IST" skipped="0">
  <testcase classname="org.automation.api.JsonPlaceholderTests" name="testPatchPost" time="5.244"/>
  <testcase classname="org.automation.api.JsonPlaceholderTests" name="testCreatePost" time="5.244"/>
  <testcase classname="org.automation.api.JsonPlaceholderTests" name="testGetCommentsForPost" time="5.245"/>
  <testcase classname="org.automation.api.JsonPlaceholderTests" name="testUpdatePost" time="5.242"/>
  <testcase classname="org.automation.api.JsonPlaceholderTests" name="testDeletePost" time="3.981"/>
  <testcase classname="org.automation.api.JsonPlaceholderTests" name="testGetSinglePost" time="5.244"/>
  <testcase classname="org.automation.api.JsonPlaceholderTests" name="testGetAllPosts" time="5.244"/>
  <testcase classname="org.automation.api.JsonPlaceholderTests" name="testCreateComment" time="5.244"/>
  <testcase classname="org.automation.api.JsonPlaceholderTests" name="testGetSingleUser" time="5.243"/>
  <testcase classname="org.automation.api.JsonPlaceholderTests" name="testGetAllUsers" time="5.245"/>
</testsuite> <!-- org.automation.api.JsonPlaceholderTests -->
