<?xml version="1.0" encoding="UTF-8"?>
<!-- Generated by org.testng.reporters.JUnitReportReporter -->
<testsuite hostname="HP-ENVY" failures="0" tests="10" name="org.automation.ui.BlazeDemoTests" time="84.280" errors="0" timestamp="2025-09-26T13:01:03 IST" skipped="0">
  <testcase classname="org.automation.ui.BlazeDemoTests" name="testPurchasePageContainsForm" time="8.196"/>
  <testcase classname="org.automation.ui.BlazeDemoTests" name="testFlightSelectionPage" time="7.199"/>
  <testcase classname="org.automation.ui.BlazeDemoTests" name="testHomePageContainsDepartureAndDestination" time="7.649"/>
  <testcase classname="org.automation.ui.BlazeDemoTests" name="testSelectFirstFlight" time="8.504"/>
  <testcase classname="org.automation.ui.BlazeDemoTests" name="testFillPurchaseForm" time="10.308"/>
  <testcase classname="org.automation.ui.BlazeDemoTests" name="testHomePageTitle" time="8.481"/>
  <testcase classname="org.automation.ui.BlazeDemoTests" name="testPurchaseFlight" time="9.587"/>
  <testcase classname="org.automation.ui.BlazeDemoTests" name="testFlightSearchNavigation" time="9.110"/>
  <testcase classname="org.automation.ui.BlazeDemoTests" name="testConfirmationPage" time="7.116"/>
  <testcase classname="org.automation.ui.BlazeDemoTests" name="testNavigateToHomePage" time="8.130"/>
</testsuite> <!-- org.automation.ui.BlazeDemoTests -->
